[01m[K/home/vhorvat/Documents/ros2_ws/src/dynamixel_mx64_control/src/dynamixel_control_node.cpp:[m[K In function â€˜[01m[Kint[01;32m[K main[m[K()[m[Kâ€™:
[01m[K/home/vhorvat/Documents/ros2_ws/src/dynamixel_mx64_control/src/dynamixel_control_node.cpp:85:14:[m[K [01;31m[Kerror: [m[Kâ€˜[01m[Kstd::this_thread[m[Kâ€™ has not been declared
   85 |         std::[01;31m[Kthis_thread[m[K::sleep_for(std::chrono::milliseconds(500));
      |              [01;31m[K^~~~~~~~~~~[m[K
[01m[K/home/vhorvat/Documents/ros2_ws/src/dynamixel_mx64_control/src/dynamixel_control_node.cpp:85:42:[m[K [01;31m[Kerror: [m[Kâ€˜[01m[Kstd::chrono[m[Kâ€™ has not been declared
   85 |         std::this_thread::sleep_for(std::[01;31m[Kchrono[m[K::milliseconds(500));
      |                                          [01;31m[K^~~~~~[m[K
gmake[2]: *** [CMakeFiles/dynamixel_control_node.dir/build.make:76: CMakeFiles/dynamixel_control_node.dir/src/dynamixel_control_node.cpp.o] Error 1
gmake[1]: *** [CMakeFiles/Makefile2:137: CMakeFiles/dynamixel_control_node.dir/all] Error 2
gmake: *** [Makefile:146: all] Error 2
