[0.026s] Invoking command in '/home/vhorvat/Documents/ros2_ws/src/build/dynamixel_mx64_control': CMAKE_PREFIX_PATH=${CMAKE_PREFIX_PATH}:/opt/ros/jazzy DEBUGINFOD_URLS=https://debuginfod.ubuntu.com /usr/bin/cmake --build /home/vhorvat/Documents/ros2_ws/src/build/dynamixel_mx64_control -- -j16 -l16
[0.133s] [ 50%] [32mBuilding CXX object CMakeFiles/dynamixel_control_node.dir/src/dynamixel_control_node.cpp.o[0m
[0.395s] [01m[K/home/vhorvat/Documents/ros2_ws/src/dynamixel_mx64_control/src/dynamixel_control_node.cpp:[m[K In function â€˜[01m[Kint[01;32m[K main[m[K()[m[Kâ€™:
[0.395s] [01m[K/home/vhorvat/Documents/ros2_ws/src/dynamixel_mx64_control/src/dynamixel_control_node.cpp:85:14:[m[K [01;31m[Kerror: [m[Kâ€˜[01m[Kstd::this_thread[m[Kâ€™ has not been declared
[0.395s]    85 |         std::[01;31m[Kthis_thread[m[K::sleep_for(std::chrono::milliseconds(500));
[0.396s]       |              [01;31m[K^~~~~~~~~~~[m[K
[0.396s] [01m[K/home/vhorvat/Documents/ros2_ws/src/dynamixel_mx64_control/src/dynamixel_control_node.cpp:85:42:[m[K [01;31m[Kerror: [m[Kâ€˜[01m[Kstd::chrono[m[Kâ€™ has not been declared
[0.396s]    85 |         std::this_thread::sleep_for(std::[01;31m[Kchrono[m[K::milliseconds(500));
[0.396s]       |                                          [01;31m[K^~~~~~[m[K
[0.418s] gmake[2]: *** [CMakeFiles/dynamixel_control_node.dir/build.make:76: CMakeFiles/dynamixel_control_node.dir/src/dynamixel_control_node.cpp.o] Error 1
[0.418s] gmake[1]: *** [CMakeFiles/Makefile2:137: CMakeFiles/dynamixel_control_node.dir/all] Error 2
[0.419s] gmake: *** [Makefile:146: all] Error 2
[0.424s] Invoked command in '/home/vhorvat/Documents/ros2_ws/src/build/dynamixel_mx64_control' returned '2': CMAKE_PREFIX_PATH=${CMAKE_PREFIX_PATH}:/opt/ros/jazzy DEBUGINFOD_URLS=https://debuginfod.ubuntu.com /usr/bin/cmake --build /home/vhorvat/Documents/ros2_ws/src/build/dynamixel_mx64_control -- -j16 -l16
